<?xml version="1.0" encoding="UTF-8"?>
<testsuite xmlns:xsi="http://www.w3.org/2001/XMLSchema-instance" xsi:noNamespaceSchemaLocation="https://maven.apache.org/surefire/maven-surefire-plugin/xsd/surefire-test-report-3.0.xsd" version="3.0" name="com.example.order.service.OrderServiceTest" time="0.134" tests="1" errors="0" skipped="0" failures="0">
  <properties>
[...]
</properties>
  <testcase name="createOrder_ShouldSaveOrderAndPublishEvent" classname="com.example.order.service.OrderServiceTest" time="0.132">
    <system-out><![CDATA[2026-03-17T22:47:32.879+05:30  INFO 17253 --- [order-service] [           main] com.example.order.service.OrderService   : Order saved to database with PENDING status
2026-03-17T22:47:32.881+05:30  INFO 17253 --- [order-service] [           main] com.example.order.service.OrderService   : Order event published to Kafka
]]></system-out>
  </testcase>
</testsuite>